<?xml version="1.0" encoding="UTF-8"?>
<!-- Generated by org.testng.reporters.JUnitReportReporter -->
<testsuite skipped="0" hostname="DELL" name="FormBuilderTesting.GetUnfixScreens" tests="3" failures="0" timestamp="26 Feb 2019 13:58:34 GMT" time="17.537" errors="0">
  <testcase name="test" time="0.000" classname="FormBuilderTesting.GetUnfixScreens"/>
  <testcase name="getUnfixScreens" time="17.537" classname="FormBuilderTesting.GetUnfixScreens"/>
  <testcase name="a" time="0.000" classname="FormBuilderTesting.GetUnfixScreens"/>
</testsuite> <!-- FormBuilderTesting.GetUnfixScreens -->
