<?xml version="1.0" encoding="UTF-8"?>
<!-- Generated by org.testng.reporters.JUnitReportReporter -->
<testsuite skipped="0" hostname="DELL" name="FormBuilderTesting.RemoveExistingScreens" tests="2" failures="0" timestamp="21 Feb 2019 11:38:42 GMT" time="9.686" errors="0">
  <testcase name="removeExixtingScreens" time="2.732" classname="FormBuilderTesting.RemoveExistingScreens"/>
  <testcase name="AddExistingScreeens" time="6.954" classname="FormBuilderTesting.RemoveExistingScreens"/>
</testsuite> <!-- FormBuilderTesting.RemoveExistingScreens -->
