<?xml version="1.0" encoding="UTF-8"?>
<!-- Generated by org.testng.reporters.JUnitReportReporter -->
<testsuite skipped="0" hostname="DELL" name="FormBuilderTesting.RemoveExistingScreens" tests="1" failures="0" timestamp="22 Feb 2019 07:50:04 GMT" time="1.727" errors="0">
  <testcase name="AddExistingScreeens" time="1.727" classname="FormBuilderTesting.RemoveExistingScreens"/>
</testsuite> <!-- FormBuilderTesting.RemoveExistingScreens -->
