<?xml version="1.0" encoding="UTF-8"?>
<!-- Generated by org.testng.reporters.JUnitReportReporter -->
<testsuite skipped="0" hostname="DELL" name="FormBuilderTesting.AddWorkflow" tests="3" failures="0" timestamp="20 Feb 2019 12:43:17 GMT" time="7.205" errors="0">
  <testcase name="AddWorkFlow" time="3.703" classname="FormBuilderTesting.AddWorkflow"/>
  <testcase name="invalidOrganization" time="1.597" classname="FormBuilderTesting.AddWorkflow"/>
  <testcase name="invalidToken" time="1.905" classname="FormBuilderTesting.AddWorkflow"/>
</testsuite> <!-- FormBuilderTesting.AddWorkflow -->
