<?xml version="1.0" encoding="UTF-8"?>
<!-- Generated by org.testng.reporters.JUnitReportReporter -->
<testsuite skipped="0" hostname="DELL" name="VerisAPI.VerifyOTP" tests="3" failures="0" timestamp="14 Feb 2019 13:20:54 GMT" time="8.558" errors="0">
  <testcase name="verifyIncorrectOTP" time="5.053" classname="VerisAPI.VerifyOTP"/>
  <testcase name="verifyIncorrectOTP6" time="1.792" classname="VerisAPI.VerifyOTP"/>
  <testcase name="verifyIncorrectOTP4" time="1.713" classname="VerisAPI.VerifyOTP"/>
</testsuite> <!-- VerisAPI.VerifyOTP -->
