<?xml version="1.0" encoding="UTF-8"?>
<!-- Generated by org.testng.reporters.JUnitReportReporter -->
<testsuite skipped="0" hostname="DELL" name="VerisAPI.VerifyOTPTest" tests="4" failures="0" timestamp="15 Feb 2019 06:50:49 GMT" time="11.534" errors="0">
  <testcase name="verifyIncorrectOTP6" time="2.016" classname="VerisAPI.VerifyOTPTest"/>
  <testcase name="verifyIncorrectOTP" time="5.941" classname="VerisAPI.VerifyOTPTest"/>
  <testcase name="verifyIncorrectOTP4" time="1.872" classname="VerisAPI.VerifyOTPTest"/>
  <testcase name="verifyOTP" time="1.705" classname="VerisAPI.VerifyOTPTest"/>
</testsuite> <!-- VerisAPI.VerifyOTPTest -->
