<?xml version="1.0" encoding="UTF-8"?>
<!-- Generated by org.testng.reporters.JUnitReportReporter -->
<testsuite skipped="0" hostname="DELL" name="FormBuilderTesting.GetUnfixScreens" tests="1" failures="0" timestamp="21 Feb 2019 09:06:37 GMT" time="5.427" errors="0">
  <testcase name="getUnfixScreens" time="5.427" classname="FormBuilderTesting.GetUnfixScreens"/>
</testsuite> <!-- FormBuilderTesting.GetUnfixScreens -->
