<?xml version="1.0" encoding="UTF-8"?>
<!-- Generated by org.testng.reporters.JUnitReportReporter -->
<testsuite skipped="0" hostname="DELL" name="FormBuilderTesting.CompleeTesting" tests="11" failures="0" timestamp="21 Feb 2019 14:44:02 GMT" time="21.846" errors="0">
  <testcase name="getUnfixScreens" time="1.672" classname="FormBuilderTesting.CompleeTesting"/>
  <testcase name="removeExistingScreens" time="1.619" classname="FormBuilderTesting.CompleeTesting"/>
  <testcase name="EditCustomScreen" time="1.683" classname="FormBuilderTesting.CompleeTesting"/>
  <testcase name="removeWorkFlow" time="1.642" classname="FormBuilderTesting.CompleeTesting"/>
  <testcase name="removeCustomScreens" time="1.624" classname="FormBuilderTesting.CompleeTesting"/>
  <testcase name="addCustomScreens" time="1.673" classname="FormBuilderTesting.CompleeTesting"/>
  <testcase name="AddWorkFlow" time="5.272" classname="FormBuilderTesting.CompleeTesting"/>
  <testcase name="MapWorkflow" time="1.630" classname="FormBuilderTesting.CompleeTesting"/>
  <testcase name="MapCustomScreen" time="1.714" classname="FormBuilderTesting.CompleeTesting"/>
  <testcase name="removeFormField" time="1.592" classname="FormBuilderTesting.CompleeTesting"/>
  <testcase name="AddExistingScreeens" time="1.725" classname="FormBuilderTesting.CompleeTesting"/>
</testsuite> <!-- FormBuilderTesting.CompleeTesting -->
