<?xml version="1.0" encoding="UTF-8"?>
<!-- Generated by org.testng.reporters.JUnitReportReporter -->
<testsuite skipped="0" hostname="DELL" name="VerisAPI.ResendOTPTest" tests="5" failures="0" timestamp="15 Feb 2019 06:31:24 GMT" time="11.420" errors="0">
  <testcase name="InvalidCountryCode" time="4.326" classname="VerisAPI.ResendOTPTest"/>
  <testcase name="InvalidMobileNoNine" time="1.547" classname="VerisAPI.ResendOTPTest"/>
  <testcase name="InvalidMobileNoEleven" time="1.595" classname="VerisAPI.ResendOTPTest"/>
  <testcase name="emptyCredentials" time="1.593" classname="VerisAPI.ResendOTPTest"/>
  <testcase name="ResendOTPTest" time="2.359" classname="VerisAPI.ResendOTPTest"/>
</testsuite> <!-- VerisAPI.ResendOTPTest -->
