<?xml version="1.0" encoding="UTF-8"?>
<!-- Generated by org.testng.reporters.JUnitReportReporter -->
<testsuite skipped="0" hostname="DELL" name="VerisAPI.GetProfileOTP" tests="3" failures="0" timestamp="15 Feb 2019 06:26:36 GMT" time="8.251" errors="0">
  <testcase name="UserProfileUnavailable" time="5.000" classname="VerisAPI.GetProfileOTP"/>
  <testcase name="getProfilData" time="1.657" classname="VerisAPI.GetProfileOTP"/>
  <testcase name="getDataInvalidToken" time="1.594" classname="VerisAPI.GetProfileOTP"/>
</testsuite> <!-- VerisAPI.GetProfileOTP -->
