<?xml version="1.0" encoding="UTF-8"?>
<!-- Generated by org.testng.reporters.JUnitReportReporter -->
<testsuite skipped="0" hostname="DELL" name="FormBuilderTesting.CreateWorkflowTest" tests="2" failures="0" timestamp="19 Feb 2019 14:21:27 GMT" time="6.795" errors="0">
  <testcase name="AddWorkFlow" time="5.141" classname="FormBuilderTesting.CreateWorkflowTest"/>
  <testcase name="MapWorkflow" time="1.654" classname="FormBuilderTesting.CreateWorkflowTest"/>
</testsuite> <!-- FormBuilderTesting.CreateWorkflowTest -->
