<?xml version="1.0" encoding="UTF-8"?>
<!-- Generated by org.testng.reporters.JUnitReportReporter -->
<testsuite skipped="0" hostname="DELL" name="FormBuilderTesting.CompleteTesting" tests="11" failures="0" timestamp="21 Feb 2019 15:15:15 GMT" time="43.717" errors="0">
  <testcase name="AddWorkFlow" time="27.222" classname="FormBuilderTesting.CompleteTesting"/>
  <testcase name="MapWorkflow" time="1.643" classname="FormBuilderTesting.CompleteTesting"/>
  <testcase name="getUnfixScreens" time="1.698" classname="FormBuilderTesting.CompleteTesting"/>
  <testcase name="AddExistingScreeens" time="1.722" classname="FormBuilderTesting.CompleteTesting"/>
  <testcase name="removeExistingScreens" time="1.617" classname="FormBuilderTesting.CompleteTesting"/>
  <testcase name="addCustomScreens" time="1.699" classname="FormBuilderTesting.CompleteTesting"/>
  <testcase name="MapCustomScreen" time="1.703" classname="FormBuilderTesting.CompleteTesting"/>
  <testcase name="EditCustomScreen" time="1.638" classname="FormBuilderTesting.CompleteTesting"/>
  <testcase name="removeFormField" time="1.594" classname="FormBuilderTesting.CompleteTesting"/>
  <testcase name="removeCustomScreens" time="1.588" classname="FormBuilderTesting.CompleteTesting"/>
  <testcase name="removeWorkFlow" time="1.593" classname="FormBuilderTesting.CompleteTesting"/>
</testsuite> <!-- FormBuilderTesting.CompleteTesting -->
