<?xml version="1.0" encoding="UTF-8"?>
<!-- Generated by org.testng.reporters.JUnitReportReporter -->
<testsuite skipped="0" hostname="DELL" name="FormBuilderTesting.CreateWorkflowTest" tests="6" failures="0" timestamp="20 Feb 2019 09:56:33 GMT" time="13.445" errors="0">
  <testcase name="MapCustomScreen" time="1.689" classname="FormBuilderTesting.CreateWorkflowTest"/>
  <testcase name="AddWorkFlow" time="4.964" classname="FormBuilderTesting.CreateWorkflowTest"/>
  <testcase name="addCustomScreens" time="1.664" classname="FormBuilderTesting.CreateWorkflowTest"/>
  <testcase name="AddScreeens" time="1.679" classname="FormBuilderTesting.CreateWorkflowTest"/>
  <testcase name="MapWorkflow" time="1.707" classname="FormBuilderTesting.CreateWorkflowTest"/>
  <testcase name="getUnfixScreens" time="1.742" classname="FormBuilderTesting.CreateWorkflowTest"/>
</testsuite> <!-- FormBuilderTesting.CreateWorkflowTest -->
