<?xml version="1.0" encoding="UTF-8"?>
<!-- Generated by org.testng.reporters.JUnitReportReporter -->
<testsuite skipped="0" hostname="DELL" name="FormBuilderTesting.EditWorkflow" tests="3" failures="0" timestamp="21 Feb 2019 08:46:35 GMT" time="8.485" errors="0">
  <testcase name="invalidOrganization" time="1.904" classname="FormBuilderTesting.EditWorkflow"/>
  <testcase name="invalidToken" time="4.893" classname="FormBuilderTesting.EditWorkflow"/>
  <testcase name="AddWorkFlow" time="1.688" classname="FormBuilderTesting.EditWorkflow"/>
</testsuite> <!-- FormBuilderTesting.EditWorkflow -->
