<?xml version="1.0" encoding="UTF-8"?>
<!-- Generated by org.testng.reporters.JUnitReportReporter -->
<testsuite skipped="0" hostname="DELL" name="FormBuilderTesting.MapWorkFlow" tests="1" failures="0" timestamp="22 Feb 2019 07:50:04 GMT" time="1.622" errors="0">
  <testcase name="invalidToken" time="1.622" classname="FormBuilderTesting.MapWorkFlow"/>
</testsuite> <!-- FormBuilderTesting.MapWorkFlow -->
